<?xml version="1.0" encoding="UTF-8"?>
<testsuite name="com.eci.cosw.springbootsecureapi.SpringBootSecureApiApplicationTests" tests="1" skipped="0" failures="0" errors="0" timestamp="2021-04-10T23:19:29" hostname="DESKTOP-MRU37V4" time="0.379">
  <properties/>
  <testcase name="contextLoads" classname="com.eci.cosw.springbootsecureapi.SpringBootSecureApiApplicationTests" time="0.379"/>
  <system-out><![CDATA[18:19:23.564 [Test worker] DEBUG org.springframework.test.context.junit4.SpringJUnit4ClassRunner - SpringJUnit4ClassRunner constructor called with [class com.eci.cosw.springbootsecureapi.SpringBootSecureApiApplicationTests]
18:19:23.632 [Test worker] DEBUG org.springframework.test.context.BootstrapUtils - Instantiating CacheAwareContextLoaderDelegate from class [org.springframework.test.context.cache.DefaultCacheAwareContextLoaderDelegate]
18:19:23.663 [Test worker] DEBUG org.springframework.test.context.BootstrapUtils - Instantiating BootstrapContext using constructor [public org.springframework.test.context.support.DefaultBootstrapContext(java.lang.Class,org.springframework.test.context.CacheAwareContextLoaderDelegate)]
18:19:23.732 [Test worker] DEBUG org.springframework.test.context.BootstrapUtils - Instantiating TestContextBootstrapper for test class [com.eci.cosw.springbootsecureapi.SpringBootSecureApiApplicationTests] from class [org.springframework.boot.test.context.SpringBootTestContextBootstrapper]
18:19:23.791 [Test worker] INFO org.springframework.boot.test.context.SpringBootTestContextBootstrapper - Neither @ContextConfiguration nor @ContextHierarchy found for test class [com.eci.cosw.springbootsecureapi.SpringBootSecureApiApplicationTests], using SpringBootContextLoader
18:19:23.806 [Test worker] DEBUG org.springframework.test.context.support.AbstractContextLoader - Did not detect default resource location for test class [com.eci.cosw.springbootsecureapi.SpringBootSecureApiApplicationTests]: class path resource [com/eci/cosw/springbootsecureapi/SpringBootSecureApiApplicationTests-context.xml] does not exist
18:19:23.807 [Test worker] DEBUG org.springframework.test.context.support.AbstractContextLoader - Did not detect default resource location for test class [com.eci.cosw.springbootsecureapi.SpringBootSecureApiApplicationTests]: class path resource [com/eci/cosw/springbootsecureapi/SpringBootSecureApiApplicationTestsContext.groovy] does not exist
18:19:23.807 [Test worker] INFO org.springframework.test.context.support.AbstractContextLoader - Could not detect default resource locations for test class [com.eci.cosw.springbootsecureapi.SpringBootSecureApiApplicationTests]: no resource found for suffixes {-context.xml, Context.groovy}.
18:19:23.809 [Test worker] INFO org.springframework.test.context.support.AnnotationConfigContextLoaderUtils - Could not detect default configuration classes for test class [com.eci.cosw.springbootsecureapi.SpringBootSecureApiApplicationTests]: SpringBootSecureApiApplicationTests does not declare any static, non-private, non-final, nested classes annotated with @Configuration.
18:19:24.014 [Test worker] DEBUG org.springframework.test.context.support.ActiveProfilesUtils - Could not find an 'annotation declaring class' for annotation type [org.springframework.test.context.ActiveProfiles] and class [com.eci.cosw.springbootsecureapi.SpringBootSecureApiApplicationTests]
18:19:24.244 [Test worker] DEBUG org.springframework.context.annotation.ClassPathScanningCandidateComponentProvider - Identified candidate component class: file [D:\Windows\Downloads\UNIVERSIDAD\ULTIMO SEMESTRE\IETI\Labs\2.2-spring-boot-secure-api-react\build\classes\java\main\com\eci\cosw\springbootsecureapi\SpringBootSecureApiApplication.class]
18:19:24.248 [Test worker] INFO org.springframework.boot.test.context.SpringBootTestContextBootstrapper - Found @SpringBootConfiguration com.eci.cosw.springbootsecureapi.SpringBootSecureApiApplication for test class com.eci.cosw.springbootsecureapi.SpringBootSecureApiApplicationTests
18:19:24.456 [Test worker] DEBUG org.springframework.boot.test.context.SpringBootTestContextBootstrapper - @TestExecutionListeners is not present for class [com.eci.cosw.springbootsecureapi.SpringBootSecureApiApplicationTests]: using defaults.
18:19:24.458 [Test worker] INFO org.springframework.boot.test.context.SpringBootTestContextBootstrapper - Loaded default TestExecutionListener class names from location [META-INF/spring.factories]: [org.springframework.boot.test.autoconfigure.restdocs.RestDocsTestExecutionListener, org.springframework.boot.test.autoconfigure.web.client.MockRestServiceServerResetTestExecutionListener, org.springframework.boot.test.autoconfigure.web.servlet.MockMvcPrintOnlyOnFailureTestExecutionListener, org.springframework.boot.test.autoconfigure.web.servlet.WebDriverTestExecutionListener, org.springframework.boot.test.mock.mockito.MockitoTestExecutionListener, org.springframework.boot.test.mock.mockito.ResetMocksTestExecutionListener, org.springframework.test.context.web.ServletTestExecutionListener, org.springframework.test.context.support.DirtiesContextBeforeModesTestExecutionListener, org.springframework.test.context.support.DependencyInjectionTestExecutionListener, org.springframework.test.context.support.DirtiesContextTestExecutionListener, org.springframework.test.context.transaction.TransactionalTestExecutionListener, org.springframework.test.context.jdbc.SqlScriptsTestExecutionListener]
18:19:24.498 [Test worker] DEBUG org.springframework.boot.test.context.SpringBootTestContextBootstrapper - Skipping candidate TestExecutionListener [org.springframework.test.context.transaction.TransactionalTestExecutionListener] due to a missing dependency. Specify custom listener classes or make the default listener classes and their required dependencies available. Offending class: [org/springframework/transaction/TransactionDefinition]
18:19:24.507 [Test worker] DEBUG org.springframework.boot.test.context.SpringBootTestContextBootstrapper - Skipping candidate TestExecutionListener [org.springframework.test.context.jdbc.SqlScriptsTestExecutionListener] due to a missing dependency. Specify custom listener classes or make the default listener classes and their required dependencies available. Offending class: [org/springframework/transaction/interceptor/TransactionAttribute]
18:19:24.512 [Test worker] INFO org.springframework.boot.test.context.SpringBootTestContextBootstrapper - Using TestExecutionListeners: [org.springframework.test.context.web.ServletTestExecutionListener@68e39524, org.springframework.test.context.support.DirtiesContextBeforeModesTestExecutionListener@21e3a3e, org.springframework.boot.test.mock.mockito.MockitoTestExecutionListener@49c93cdb, org.springframework.boot.test.autoconfigure.SpringBootDependencyInjectionTestExecutionListener@634aaf67, org.springframework.test.context.support.DirtiesContextTestExecutionListener@17745c9f, org.springframework.boot.test.autoconfigure.restdocs.RestDocsTestExecutionListener@64c85b85, org.springframework.boot.test.autoconfigure.web.client.MockRestServiceServerResetTestExecutionListener@64679c23, org.springframework.boot.test.autoconfigure.web.servlet.MockMvcPrintOnlyOnFailureTestExecutionListener@5260265f, org.springframework.boot.test.autoconfigure.web.servlet.WebDriverTestExecutionListener@67450828, org.springframework.boot.test.mock.mockito.ResetMocksTestExecutionListener@41776336]
18:19:24.523 [Test worker] DEBUG org.springframework.test.annotation.ProfileValueUtils - Retrieved @ProfileValueSourceConfiguration [null] for test class [com.eci.cosw.springbootsecureapi.SpringBootSecureApiApplicationTests]
18:19:24.526 [Test worker] DEBUG org.springframework.test.annotation.ProfileValueUtils - Retrieved ProfileValueSource type [class org.springframework.test.annotation.SystemProfileValueSource] for class [com.eci.cosw.springbootsecureapi.SpringBootSecureApiApplicationTests]
18:19:24.527 [Test worker] DEBUG org.springframework.test.annotation.ProfileValueUtils - Retrieved @ProfileValueSourceConfiguration [null] for test class [com.eci.cosw.springbootsecureapi.SpringBootSecureApiApplicationTests]
18:19:24.528 [Test worker] DEBUG org.springframework.test.annotation.ProfileValueUtils - Retrieved ProfileValueSource type [class org.springframework.test.annotation.SystemProfileValueSource] for class [com.eci.cosw.springbootsecureapi.SpringBootSecureApiApplicationTests]
18:19:24.541 [Test worker] DEBUG org.springframework.test.context.support.AbstractDirtiesContextTestExecutionListener - Before test class: context [DefaultTestContext@39af1d12 testClass = SpringBootSecureApiApplicationTests, testInstance = [null], testMethod = [null], testException = [null], mergedContextConfiguration = [WebMergedContextConfiguration@69a8f762 testClass = SpringBootSecureApiApplicationTests, locations = '{}', classes = '{class com.eci.cosw.springbootsecureapi.SpringBootSecureApiApplication}', contextInitializerClasses = '[]', activeProfiles = '{}', propertySourceLocations = '{}', propertySourceProperties = '{org.springframework.boot.test.context.SpringBootTestContextBootstrapper=true}', contextCustomizers = set[org.springframework.boot.test.autoconfigure.properties.PropertyMappingContextCustomizer@0, org.springframework.boot.test.autoconfigure.web.servlet.WebDriverContextCustomizerFactory$Customizer@4500449e, org.springframework.boot.test.context.filter.ExcludeFilterContextCustomizer@65ad991d, org.springframework.boot.test.json.DuplicateJsonObjectContextCustomizerFactory$DuplicateJsonObjectContextCustomizer@695921c1, org.springframework.boot.test.mock.mockito.MockitoContextCustomizer@0, org.springframework.boot.test.web.client.TestRestTemplateContextCustomizer@a10853], resourceBasePath = 'src/main/webapp', contextLoader = 'org.springframework.boot.test.context.SpringBootContextLoader', parent = [null]], attributes = map['org.springframework.test.context.web.ServletTestExecutionListener.activateListener' -> true]], class annotated with @DirtiesContext [false] with mode [null].
18:19:24.542 [Test worker] DEBUG org.springframework.test.annotation.ProfileValueUtils - Retrieved @ProfileValueSourceConfiguration [null] for test class [com.eci.cosw.springbootsecureapi.SpringBootSecureApiApplicationTests]
18:19:24.543 [Test worker] DEBUG org.springframework.test.annotation.ProfileValueUtils - Retrieved ProfileValueSource type [class org.springframework.test.annotation.SystemProfileValueSource] for class [com.eci.cosw.springbootsecureapi.SpringBootSecureApiApplicationTests]
18:19:24.579 [Test worker] DEBUG org.springframework.test.context.support.TestPropertySourceUtils - Adding inlined properties to environment: {spring.jmx.enabled=false, org.springframework.boot.test.context.SpringBootTestContextBootstrapper=true, server.port=-1}

  .   ____          _            __ _ _
 /\\ / ___'_ __ _ _(_)_ __  __ _ \ \ \ \
( ( )\___ | '_ | '_| | '_ \/ _` | \ \ \ \
 \\/  ___)| |_)| | | | | || (_| |  ) ) ) )
  '  |____| .__|_| |_|_| |_\__, | / / / /
 =========|_|==============|___/=/_/_/_/
 :: Spring Boot ::        (v2.1.3.RELEASE)

2021-04-10 18:19:25.398  INFO 5276 --- [    Test worker] .c.s.SpringBootSecureApiApplicationTests : Starting SpringBootSecureApiApplicationTests on DESKTOP-MRU37V4 with PID 5276 (started by Costalito in D:\Windows\Downloads\UNIVERSIDAD\ULTIMO SEMESTRE\IETI\Labs\2.2-spring-boot-secure-api-react)
2021-04-10 18:19:25.400  INFO 5276 --- [    Test worker] .c.s.SpringBootSecureApiApplicationTests : No active profile set, falling back to default profiles: default
2021-04-10 18:19:29.073  INFO 5276 --- [    Test worker] o.s.s.concurrent.ThreadPoolTaskExecutor  : Initializing ExecutorService 'applicationTaskExecutor'
2021-04-10 18:19:29.952  INFO 5276 --- [    Test worker] .c.s.SpringBootSecureApiApplicationTests : Started SpringBootSecureApiApplicationTests in 5.353 seconds (JVM running for 8.476)
]]></system-out>
  <system-err><![CDATA[]]></system-err>
</testsuite>
